<?xml version="1.0" encoding="UTF-8"?>
<testsuite xmlns:xsi="http://www.w3.org/2001/XMLSchema-instance" xsi:noNamespaceSchemaLocation="https://maven.apache.org/surefire/maven-surefire-plugin/xsd/surefire-test-report-3.0.xsd" version="3.0" name="org.apache.beam.examples.subprocess.utils.CalActivityCodeUtilsTest" time="0.131" tests="1" errors="0" skipped="0" failures="0">
  <properties>
    <property name="java.specification.version" value="15"/>
    <property name="sun.jnu.encoding" value="UTF-8"/>
    <property name="java.class.path" value="/Users/dikgupta/Desktop/Lloyds/WordCount example/word-count-beam/target/test-classes:/Users/dikgupta/Desktop/Lloyds/WordCount example/word-count-beam/target/classes:/Users/dikgupta/.m2/repository/org/apache/beam/beam-sdks-java-core/2.26.0/beam-sdks-java-core-2.26.0.jar:/Users/dikgupta/.m2/repository/org/apache/beam/beam-model-pipeline/2.26.0/beam-model-pipeline-2.26.0.jar:/Users/dikgupta/.m2/repository/commons-logging/commons-logging/1.2/commons-logging-1.2.jar:/Users/dikgupta/.m2/repository/org/apache/logging/log4j/log4j-api/2.6.2/log4j-api-2.6.2.jar:/Users/dikgupta/.m2/repository/org/conscrypt/conscrypt-openjdk-uber/1.3.0/conscrypt-openjdk-uber-1.3.0.jar:/Users/dikgupta/.m2/repository/org/apache/beam/beam-model-job-management/2.26.0/beam-model-job-management-2.26.0.jar:/Users/dikgupta/.m2/repository/org/apache/beam/beam-vendor-bytebuddy-1_10_8/0.1/beam-vendor-bytebuddy-1_10_8-0.1.jar:/Users/dikgupta/.m2/repository/org/apache/beam/beam-vendor-grpc-1_26_0/0.3/beam-vendor-grpc-1_26_0-0.3.jar:/Users/dikgupta/.m2/repository/org/apache/beam/beam-vendor-guava-26_0-jre/0.1/beam-vendor-guava-26_0-jre-0.1.jar:/Users/dikgupta/.m2/repository/com/google/code/findbugs/jsr305/3.0.2/jsr305-3.0.2.jar:/Users/dikgupta/.m2/repository/com/fasterxml/jackson/core/jackson-annotations/2.10.2/jackson-annotations-2.10.2.jar:/Users/dikgupta/.m2/repository/com/fasterxml/jackson/core/jackson-databind/2.10.2/jackson-databind-2.10.2.jar:/Users/dikgupta/.m2/repository/org/apache/avro/avro/1.8.2/avro-1.8.2.jar:/Users/dikgupta/.m2/repository/org/codehaus/jackson/jackson-core-asl/1.9.13/jackson-core-asl-1.9.13.jar:/Users/dikgupta/.m2/repository/org/codehaus/jackson/jackson-mapper-asl/1.9.13/jackson-mapper-asl-1.9.13.jar:/Users/dikgupta/.m2/repository/com/thoughtworks/paranamer/paranamer/2.7/paranamer-2.7.jar:/Users/dikgupta/.m2/repository/org/apache/commons/commons-compress/1.8.1/commons-compress-1.8.1.jar:/Users/dikgupta/.m2/repository/org/xerial/snappy/snappy-java/1.1.4/snappy-java-1.1.4.jar:/Users/dikgupta/.m2/repository/org/tukaani/xz/1.8/xz-1.8.jar:/Users/dikgupta/.m2/repository/org/apache/beam/beam-sdks-java-io-google-cloud-platform/2.26.0/beam-sdks-java-io-google-cloud-platform-2.26.0.jar:/Users/dikgupta/.m2/repository/org/checkerframework/checker-qual/3.7.0/checker-qual-3.7.0.jar:/Users/dikgupta/.m2/repository/org/apache/beam/beam-sdks-java-expansion-service/2.26.0/beam-sdks-java-expansion-service-2.26.0.jar:/Users/dikgupta/.m2/repository/org/apache/beam/beam-model-fn-execution/2.26.0/beam-model-fn-execution-2.26.0.jar:/Users/dikgupta/.m2/repository/org/apache/beam/beam-runners-core-construction-java/2.26.0/beam-runners-core-construction-java-2.26.0.jar:/Users/dikgupta/.m2/repository/io/github/classgraph/classgraph/4.8.65/classgraph-4.8.65.jar:/Users/dikgupta/.m2/repository/org/apache/beam/beam-sdks-java-extensions-google-cloud-platform-core/2.26.0/beam-sdks-java-extensions-google-cloud-platform-core-2.26.0.jar:/Users/dikgupta/.m2/repository/com/google/cloud/bigdataoss/gcsio/2.1.6/gcsio-2.1.6.jar:/Users/dikgupta/.m2/repository/com/github/rholder/guava-retrying/2.0.0/guava-retrying-2.0.0.jar:/Users/dikgupta/.m2/repository/com/google/apis/google-api-services-cloudresourcemanager/v1-rev20200720-1.30.10/google-api-services-cloudresourcemanager-v1-rev20200720-1.30.10.jar:/Users/dikgupta/.m2/repository/org/apache/beam/beam-sdks-java-extensions-protobuf/2.26.0/beam-sdks-java-extensions-protobuf-2.26.0.jar:/Users/dikgupta/.m2/repository/com/google/cloud/bigdataoss/util/2.1.6/util-2.1.6.jar:/Users/dikgupta/.m2/repository/com/google/api-client/google-api-client-java6/1.30.10/google-api-client-java6-1.30.10.jar:/Users/dikgupta/.m2/repository/com/google/api-client/google-api-client-jackson2/1.30.10/google-api-client-jackson2-1.30.10.jar:/Users/dikgupta/.m2/repository/com/google/apis/google-api-services-iamcredentials/v1-rev20201022-1.30.10/google-api-services-iamcredentials-v1-rev20201022-1.30.10.jar:/Users/dikgupta/.m2/repository/com/google/oauth-client/google-oauth-client-java6/1.31.2/google-oauth-client-java6-1.31.2.jar:/Users/dikgupta/.m2/repository/com/google/flogger/google-extensions/0.5.1/google-extensions-0.5.1.jar:/Users/dikgupta/.m2/repository/com/google/flogger/flogger-system-backend/0.5.1/flogger-system-backend-0.5.1.jar:/Users/dikgupta/.m2/repository/com/google/api/gax/1.60.0/gax-1.60.0.jar:/Users/dikgupta/.m2/repository/com/google/api/gax-grpc/1.60.0/gax-grpc-1.60.0.jar:/Users/dikgupta/.m2/repository/io/grpc/grpc-protobuf/1.32.2/grpc-protobuf-1.32.2.jar:/Users/dikgupta/.m2/repository/com/google/apis/google-api-services-healthcare/v1beta1-rev20200713-1.30.10/google-api-services-healthcare-v1beta1-rev20200713-1.30.10.jar:/Users/dikgupta/.m2/repository/com/google/auth/google-auth-library-credentials/0.21.1/google-auth-library-credentials-0.21.1.jar:/Users/dikgupta/.m2/repository/com/google/auth/google-auth-library-oauth2-http/0.21.1/google-auth-library-oauth2-http-0.21.1.jar:/Users/dikgupta/.m2/repository/com/google/cloud/google-cloud-bigquerystorage/1.5.5/google-cloud-bigquerystorage-1.5.5.jar:/Users/dikgupta/.m2/repository/io/grpc/grpc-api/1.32.2/grpc-api-1.32.2.jar:/Users/dikgupta/.m2/repository/org/codehaus/mojo/animal-sniffer-annotations/1.19/animal-sniffer-annotations-1.19.jar:/Users/dikgupta/.m2/repository/io/grpc/grpc-protobuf-lite/1.32.1/grpc-protobuf-lite-1.32.1.jar:/Users/dikgupta/.m2/repository/com/google/api/grpc/proto-google-cloud-bigquerystorage-v1alpha2/0.105.5/proto-google-cloud-bigquerystorage-v1alpha2-0.105.5.jar:/Users/dikgupta/.m2/repository/com/google/api/grpc/proto-google-cloud-bigquerystorage-v1beta2/0.105.5/proto-google-cloud-bigquerystorage-v1beta2-0.105.5.jar:/Users/dikgupta/.m2/repository/com/google/api/grpc/proto-google-cloud-bigquerystorage-v1/1.5.5/proto-google-cloud-bigquerystorage-v1-1.5.5.jar:/Users/dikgupta/.m2/repository/org/apache/commons/commons-lang3/3.5/commons-lang3-3.5.jar:/Users/dikgupta/.m2/repository/org/json/json/20200518/json-20200518.jar:/Users/dikgupta/.m2/repository/com/google/cloud/google-cloud-bigquery/1.122.2/google-cloud-bigquery-1.122.2.jar:/Users/dikgupta/.m2/repository/commons-codec/commons-codec/1.11/commons-codec-1.11.jar:/Users/dikgupta/.m2/repository/com/google/android/annotations/4.1.1.4/annotations-4.1.1.4.jar:/Users/dikgupta/.m2/repository/io/perfmark/perfmark-api/0.19.0/perfmark-api-0.19.0.jar:/Users/dikgupta/.m2/repository/com/google/api/grpc/grpc-google-cloud-bigquerystorage-v1beta1/0.105.5/grpc-google-cloud-bigquerystorage-v1beta1-0.105.5.jar:/Users/dikgupta/.m2/repository/com/google/api/grpc/grpc-google-cloud-bigquerystorage-v1beta2/0.105.5/grpc-google-cloud-bigquerystorage-v1beta2-0.105.5.jar:/Users/dikgupta/.m2/repository/com/google/api/grpc/grpc-google-cloud-bigquerystorage-v1/1.5.5/grpc-google-cloud-bigquerystorage-v1-1.5.5.jar:/Users/dikgupta/.m2/repository/com/google/cloud/bigtable/bigtable-client-core/1.16.0/bigtable-client-core-1.16.0.jar:/Users/dikgupta/.m2/repository/com/google/cloud/google-cloud-bigtable/1.16.1/google-cloud-bigtable-1.16.1.jar:/Users/dikgupta/.m2/repository/com/google/api/grpc/grpc-google-common-protos/1.18.1/grpc-google-common-protos-1.18.1.jar:/Users/dikgupta/.m2/repository/com/google/api/grpc/grpc-google-cloud-bigtable-v2/1.16.1/grpc-google-cloud-bigtable-v2-1.16.1.jar:/Users/dikgupta/.m2/repository/com/google/api/grpc/proto-google-cloud-bigtable-admin-v2/1.16.1/proto-google-cloud-bigtable-admin-v2-1.16.1.jar:/Users/dikgupta/.m2/repository/com/google/api/grpc/grpc-google-cloud-bigtable-admin-v2/1.16.1/grpc-google-cloud-bigtable-admin-v2-1.16.1.jar:/Users/dikgupta/.m2/repository/io/opencensus/opencensus-contrib-grpc-util/0.24.0/opencensus-contrib-grpc-util-0.24.0.jar:/Users/dikgupta/.m2/repository/io/dropwizard/metrics/metrics-core/3.2.6/metrics-core-3.2.6.jar:/Users/dikgupta/.m2/repository/com/google/cloud/google-cloud-core/1.93.9/google-cloud-core-1.93.9.jar:/Users/dikgupta/.m2/repository/com/google/cloud/google-cloud-core-grpc/1.93.9/google-cloud-core-grpc-1.93.9.jar:/Users/dikgupta/.m2/repository/com/google/cloud/datastore/datastore-v1-proto-client/1.6.3/datastore-v1-proto-client-1.6.3.jar:/Users/dikgupta/.m2/repository/com/google/http-client/google-http-client-protobuf/1.36.0/google-http-client-protobuf-1.36.0.jar:/Users/dikgupta/.m2/repository/com/google/cloud/google-cloud-pubsublite/0.4.1/google-cloud-pubsublite-0.4.1.jar:/Users/dikgupta/.m2/repository/com/google/cloud/google-cloud-pubsub/1.108.3/google-cloud-pubsub-1.108.3.jar:/Users/dikgupta/.m2/repository/com/google/cloud/google-cloud-resourcemanager/0.118.2-alpha/google-cloud-resourcemanager-0.118.2-alpha.jar:/Users/dikgupta/.m2/repository/com/google/flogger/flogger/0.5.1/flogger-0.5.1.jar:/Users/dikgupta/.m2/repository/com/google/cloud/google-cloud-spanner/2.0.2/google-cloud-spanner-2.0.2.jar:/Users/dikgupta/.m2/repository/com/google/api/grpc/proto-google-cloud-spanner-admin-instance-v1/2.0.2/proto-google-cloud-spanner-admin-instance-v1-2.0.2.jar:/Users/dikgupta/.m2/repository/com/google/api/grpc/proto-google-cloud-spanner-v1/2.0.2/proto-google-cloud-spanner-v1-2.0.2.jar:/Users/dikgupta/.m2/repository/com/google/api/grpc/grpc-google-cloud-spanner-admin-instance-v1/2.0.2/grpc-google-cloud-spanner-admin-instance-v1-2.0.2.jar:/Users/dikgupta/.m2/repository/com/google/api/grpc/grpc-google-cloud-spanner-v1/2.0.2/grpc-google-cloud-spanner-v1-2.0.2.jar:/Users/dikgupta/.m2/repository/com/google/api/grpc/grpc-google-cloud-spanner-admin-database-v1/2.0.2/grpc-google-cloud-spanner-admin-database-v1-2.0.2.jar:/Users/dikgupta/.m2/repository/com/google/http-client/google-http-client-jackson2/1.36.0/google-http-client-jackson2-1.36.0.jar:/Users/dikgupta/.m2/repository/io/grpc/grpc-alts/1.32.2/grpc-alts-1.32.2.jar:/Users/dikgupta/.m2/repository/io/grpc/grpc-auth/1.32.2/grpc-auth-1.32.2.jar:/Users/dikgupta/.m2/repository/io/grpc/grpc-core/1.32.2/grpc-core-1.32.2.jar:/Users/dikgupta/.m2/repository/io/grpc/grpc-context/1.32.2/grpc-context-1.32.2.jar:/Users/dikgupta/.m2/repository/io/grpc/grpc-grpclb/1.32.2/grpc-grpclb-1.32.2.jar:/Users/dikgupta/.m2/repository/io/grpc/grpc-netty/1.32.2/grpc-netty-1.32.2.jar:/Users/dikgupta/.m2/repository/io/netty/netty-codec-http2/4.1.51.Final/netty-codec-http2-4.1.51.Final.jar:/Users/dikgupta/.m2/repository/io/netty/netty-codec-http/4.1.51.Final/netty-codec-http-4.1.51.Final.jar:/Users/dikgupta/.m2/repository/io/netty/netty-handler-proxy/4.1.51.Final/netty-handler-proxy-4.1.51.Final.jar:/Users/dikgupta/.m2/repository/io/netty/netty-codec-socks/4.1.51.Final/netty-codec-socks-4.1.51.Final.jar:/Users/dikgupta/.m2/repository/io/grpc/grpc-netty-shaded/1.32.2/grpc-netty-shaded-1.32.2.jar:/Users/dikgupta/.m2/repository/io/grpc/grpc-stub/1.32.2/grpc-stub-1.32.2.jar:/Users/dikgupta/.m2/repository/com/google/api/grpc/grpc-google-cloud-pubsub-v1/1.90.3/grpc-google-cloud-pubsub-v1-1.90.3.jar:/Users/dikgupta/.m2/repository/com/google/api/grpc/grpc-google-cloud-pubsublite-v1/0.4.1/grpc-google-cloud-pubsublite-v1-0.4.1.jar:/Users/dikgupta/.m2/repository/com/google/guava/guava/25.1-jre/guava-25.1-jre.jar:/Users/dikgupta/.m2/repository/io/netty/netty-handler/4.1.51.Final/netty-handler-4.1.51.Final.jar:/Users/dikgupta/.m2/repository/io/netty/netty-common/4.1.51.Final/netty-common-4.1.51.Final.jar:/Users/dikgupta/.m2/repository/io/netty/netty-resolver/4.1.51.Final/netty-resolver-4.1.51.Final.jar:/Users/dikgupta/.m2/repository/io/netty/netty-buffer/4.1.51.Final/netty-buffer-4.1.51.Final.jar:/Users/dikgupta/.m2/repository/io/netty/netty-transport/4.1.51.Final/netty-transport-4.1.51.Final.jar:/Users/dikgupta/.m2/repository/io/netty/netty-codec/4.1.51.Final/netty-codec-4.1.51.Final.jar:/Users/dikgupta/.m2/repository/io/netty/netty-tcnative-boringssl-static/2.0.33.Final/netty-tcnative-boringssl-static-2.0.33.Final.jar:/Users/dikgupta/.m2/repository/com/google/api/grpc/proto-google-cloud-bigquerystorage-v1beta1/0.105.5/proto-google-cloud-bigquerystorage-v1beta1-0.105.5.jar:/Users/dikgupta/.m2/repository/com/google/api/grpc/proto-google-cloud-bigtable-v2/1.16.1/proto-google-cloud-bigtable-v2-1.16.1.jar:/Users/dikgupta/.m2/repository/com/google/api/grpc/proto-google-cloud-datastore-v1/0.88.0/proto-google-cloud-datastore-v1-0.88.0.jar:/Users/dikgupta/.m2/repository/com/google/api/grpc/proto-google-cloud-pubsub-v1/1.90.3/proto-google-cloud-pubsub-v1-1.90.3.jar:/Users/dikgupta/.m2/repository/com/google/api/grpc/proto-google-cloud-pubsublite-v1/0.4.1/proto-google-cloud-pubsublite-v1-0.4.1.jar:/Users/dikgupta/.m2/repository/com/google/api/grpc/proto-google-cloud-spanner-admin-database-v1/2.0.2/proto-google-cloud-spanner-admin-database-v1-2.0.2.jar:/Users/dikgupta/.m2/repository/com/google/api/grpc/proto-google-common-protos/1.18.1/proto-google-common-protos-1.18.1.jar:/Users/dikgupta/.m2/repository/com/google/protobuf/protobuf-java/3.13.0/protobuf-java-3.13.0.jar:/Users/dikgupta/.m2/repository/com/google/cloud/google-cloud-storage/1.111.2/google-cloud-storage-1.111.2.jar:/Users/dikgupta/.m2/repository/com/google/guava/failureaccess/1.0.1/failureaccess-1.0.1.jar:/Users/dikgupta/.m2/repository/com/google/guava/listenablefuture/9999.0-empty-to-avoid-conflict-with-guava/listenablefuture-9999.0-empty-to-avoid-conflict-with-guava.jar:/Users/dikgupta/.m2/repository/org/checkerframework/checker-compat-qual/2.5.5/checker-compat-qual-2.5.5.jar:/Users/dikgupta/.m2/repository/com/google/errorprone/error_prone_annotations/2.3.4/error_prone_annotations-2.3.4.jar:/Users/dikgupta/.m2/repository/com/google/j2objc/j2objc-annotations/1.3/j2objc-annotations-1.3.jar:/Users/dikgupta/.m2/repository/io/opencensus/opencensus-contrib-http-util/0.24.0/opencensus-contrib-http-util-0.24.0.jar:/Users/dikgupta/.m2/repository/com/google/oauth-client/google-oauth-client/1.30.5/google-oauth-client-1.30.5.jar:/Users/dikgupta/.m2/repository/com/google/apis/google-api-services-storage/v1-rev20200611-1.30.9/google-api-services-storage-v1-rev20200611-1.30.9.jar:/Users/dikgupta/.m2/repository/com/google/code/gson/gson/2.8.6/gson-2.8.6.jar:/Users/dikgupta/.m2/repository/com/google/auto/value/auto-value-annotations/1.7.2/auto-value-annotations-1.7.2.jar:/Users/dikgupta/.m2/repository/com/google/cloud/google-cloud-core-http/1.93.9/google-cloud-core-http-1.93.9.jar:/Users/dikgupta/.m2/repository/com/google/http-client/google-http-client-appengine/1.36.0/google-http-client-appengine-1.36.0.jar:/Users/dikgupta/.m2/repository/com/google/api/gax-httpjson/0.77.0/gax-httpjson-0.77.0.jar:/Users/dikgupta/.m2/repository/com/google/api/api-common/1.10.0/api-common-1.10.0.jar:/Users/dikgupta/.m2/repository/javax/annotation/javax.annotation-api/1.3.2/javax.annotation-api-1.3.2.jar:/Users/dikgupta/.m2/repository/io/opencensus/opencensus-api/0.24.0/opencensus-api-0.24.0.jar:/Users/dikgupta/.m2/repository/com/google/api/grpc/proto-google-iam-v1/1.0.1/proto-google-iam-v1-1.0.1.jar:/Users/dikgupta/.m2/repository/com/google/protobuf/protobuf-java-util/3.13.0/protobuf-java-util-3.13.0.jar:/Users/dikgupta/.m2/repository/org/threeten/threetenbp/1.4.4/threetenbp-1.4.4.jar:/Users/dikgupta/.m2/repository/com/google/cloud/google-cloud-nio/0.121.0/google-cloud-nio-0.121.0.jar:/Users/dikgupta/.m2/repository/javax/inject/javax.inject/1/javax.inject-1.jar:/Users/dikgupta/.m2/repository/org/mockito/mockito-all/1.10.19/mockito-all-1.10.19.jar:/Users/dikgupta/.m2/repository/com/fasterxml/jackson/core/jackson-core/2.12.0/jackson-core-2.12.0.jar:/Users/dikgupta/.m2/repository/com/google/api-client/google-api-client/1.30.10/google-api-client-1.30.10.jar:/Users/dikgupta/.m2/repository/com/google/apis/google-api-services-bigquery/v2-rev20200719-1.30.10/google-api-services-bigquery-v2-rev20200719-1.30.10.jar:/Users/dikgupta/.m2/repository/com/google/http-client/google-http-client/1.36.0/google-http-client-1.36.0.jar:/Users/dikgupta/.m2/repository/org/apache/httpcomponents/httpclient/4.5.12/httpclient-4.5.12.jar:/Users/dikgupta/.m2/repository/org/apache/httpcomponents/httpcore/4.4.13/httpcore-4.4.13.jar:/Users/dikgupta/.m2/repository/com/google/apis/google-api-services-pubsub/v1-rev20200713-1.30.10/google-api-services-pubsub-v1-rev20200713-1.30.10.jar:/Users/dikgupta/.m2/repository/joda-time/joda-time/2.10.5/joda-time-2.10.5.jar:/Users/dikgupta/.m2/repository/org/slf4j/slf4j-api/1.7.30/slf4j-api-1.7.30.jar:/Users/dikgupta/.m2/repository/org/slf4j/slf4j-jdk14/1.7.30/slf4j-jdk14-1.7.30.jar:/Users/dikgupta/.m2/repository/org/hamcrest/hamcrest-core/2.1/hamcrest-core-2.1.jar:/Users/dikgupta/.m2/repository/org/hamcrest/hamcrest/2.1/hamcrest-2.1.jar:/Users/dikgupta/.m2/repository/org/hamcrest/hamcrest-library/2.1/hamcrest-library-2.1.jar:/Users/dikgupta/.m2/repository/junit/junit/4.12/junit-4.12.jar:/Users/dikgupta/.m2/repository/org/apache/beam/beam-runners-direct-java/2.26.0/beam-runners-direct-java-2.26.0.jar:/Users/dikgupta/.m2/repository/args4j/args4j/2.33/args4j-2.33.jar:/Users/dikgupta/.m2/repository/org/apache/beam/beam-runners-portability-java/2.26.0/beam-runners-portability-java-2.26.0.jar:/Users/dikgupta/.m2/repository/org/apache/beam/beam-runners-java-fn-execution/2.26.0/beam-runners-java-fn-execution-2.26.0.jar:/Users/dikgupta/.m2/repository/org/apache/beam/beam-sdks-java-fn-execution/2.26.0/beam-sdks-java-fn-execution-2.26.0.jar:/Users/dikgupta/.m2/repository/org/apache/beam/beam-vendor-sdks-java-extensions-protobuf/2.26.0/beam-vendor-sdks-java-extensions-protobuf-2.26.0.jar:/Users/dikgupta/.m2/repository/org/apache/beam/beam-runners-java-job-service/2.26.0/beam-runners-java-job-service-2.26.0.jar:/Users/dikgupta/.m2/repository/org/apache/beam/beam-sdks-java-harness/2.26.0/beam-sdks-java-harness-2.26.0.jar:"/>
    <property name="java.vm.vendor" value="Oracle Corporation"/>
    <property name="sun.arch.data.model" value="64"/>
    <property name="java.vendor.url" value="https://openjdk.java.net/"/>
    <property name="user.timezone" value="Asia/Kolkata"/>
    <property name="os.name" value="Mac OS X"/>
    <property name="java.vm.specification.version" value="15"/>
    <property name="sun.java.launcher" value="SUN_STANDARD"/>
    <property name="user.country" value="IN"/>
    <property name="sun.boot.library.path" value="/usr/local/Cellar/openjdk/15.0.1/libexec/openjdk.jdk/Contents/Home/lib"/>
    <property name="sun.java.command" value="/Users/dikgupta/Desktop/Lloyds/WordCount example/word-count-beam/target/surefire/surefirebooter10102948379669455140.jar /Users/dikgupta/Desktop/Lloyds/WordCount example/word-count-beam/target/surefire 2021-01-19T18-10-07_773-jvmRun1 surefire48179659457601449tmp surefire_06971775712570958031tmp"/>
    <property name="http.nonProxyHosts" value="local|*.local|169.254/16|*.169.254/16"/>
    <property name="jdk.debug" value="release"/>
    <property name="test" value="CalActivityCodeUtilsTest"/>
    <property name="surefire.test.class.path" value="/Users/dikgupta/Desktop/Lloyds/WordCount example/word-count-beam/target/test-classes:/Users/dikgupta/Desktop/Lloyds/WordCount example/word-count-beam/target/classes:/Users/dikgupta/.m2/repository/org/apache/beam/beam-sdks-java-core/2.26.0/beam-sdks-java-core-2.26.0.jar:/Users/dikgupta/.m2/repository/org/apache/beam/beam-model-pipeline/2.26.0/beam-model-pipeline-2.26.0.jar:/Users/dikgupta/.m2/repository/commons-logging/commons-logging/1.2/commons-logging-1.2.jar:/Users/dikgupta/.m2/repository/org/apache/logging/log4j/log4j-api/2.6.2/log4j-api-2.6.2.jar:/Users/dikgupta/.m2/repository/org/conscrypt/conscrypt-openjdk-uber/1.3.0/conscrypt-openjdk-uber-1.3.0.jar:/Users/dikgupta/.m2/repository/org/apache/beam/beam-model-job-management/2.26.0/beam-model-job-management-2.26.0.jar:/Users/dikgupta/.m2/repository/org/apache/beam/beam-vendor-bytebuddy-1_10_8/0.1/beam-vendor-bytebuddy-1_10_8-0.1.jar:/Users/dikgupta/.m2/repository/org/apache/beam/beam-vendor-grpc-1_26_0/0.3/beam-vendor-grpc-1_26_0-0.3.jar:/Users/dikgupta/.m2/repository/org/apache/beam/beam-vendor-guava-26_0-jre/0.1/beam-vendor-guava-26_0-jre-0.1.jar:/Users/dikgupta/.m2/repository/com/google/code/findbugs/jsr305/3.0.2/jsr305-3.0.2.jar:/Users/dikgupta/.m2/repository/com/fasterxml/jackson/core/jackson-annotations/2.10.2/jackson-annotations-2.10.2.jar:/Users/dikgupta/.m2/repository/com/fasterxml/jackson/core/jackson-databind/2.10.2/jackson-databind-2.10.2.jar:/Users/dikgupta/.m2/repository/org/apache/avro/avro/1.8.2/avro-1.8.2.jar:/Users/dikgupta/.m2/repository/org/codehaus/jackson/jackson-core-asl/1.9.13/jackson-core-asl-1.9.13.jar:/Users/dikgupta/.m2/repository/org/codehaus/jackson/jackson-mapper-asl/1.9.13/jackson-mapper-asl-1.9.13.jar:/Users/dikgupta/.m2/repository/com/thoughtworks/paranamer/paranamer/2.7/paranamer-2.7.jar:/Users/dikgupta/.m2/repository/org/apache/commons/commons-compress/1.8.1/commons-compress-1.8.1.jar:/Users/dikgupta/.m2/repository/org/xerial/snappy/snappy-java/1.1.4/snappy-java-1.1.4.jar:/Users/dikgupta/.m2/repository/org/tukaani/xz/1.8/xz-1.8.jar:/Users/dikgupta/.m2/repository/org/apache/beam/beam-sdks-java-io-google-cloud-platform/2.26.0/beam-sdks-java-io-google-cloud-platform-2.26.0.jar:/Users/dikgupta/.m2/repository/org/checkerframework/checker-qual/3.7.0/checker-qual-3.7.0.jar:/Users/dikgupta/.m2/repository/org/apache/beam/beam-sdks-java-expansion-service/2.26.0/beam-sdks-java-expansion-service-2.26.0.jar:/Users/dikgupta/.m2/repository/org/apache/beam/beam-model-fn-execution/2.26.0/beam-model-fn-execution-2.26.0.jar:/Users/dikgupta/.m2/repository/org/apache/beam/beam-runners-core-construction-java/2.26.0/beam-runners-core-construction-java-2.26.0.jar:/Users/dikgupta/.m2/repository/io/github/classgraph/classgraph/4.8.65/classgraph-4.8.65.jar:/Users/dikgupta/.m2/repository/org/apache/beam/beam-sdks-java-extensions-google-cloud-platform-core/2.26.0/beam-sdks-java-extensions-google-cloud-platform-core-2.26.0.jar:/Users/dikgupta/.m2/repository/com/google/cloud/bigdataoss/gcsio/2.1.6/gcsio-2.1.6.jar:/Users/dikgupta/.m2/repository/com/github/rholder/guava-retrying/2.0.0/guava-retrying-2.0.0.jar:/Users/dikgupta/.m2/repository/com/google/apis/google-api-services-cloudresourcemanager/v1-rev20200720-1.30.10/google-api-services-cloudresourcemanager-v1-rev20200720-1.30.10.jar:/Users/dikgupta/.m2/repository/org/apache/beam/beam-sdks-java-extensions-protobuf/2.26.0/beam-sdks-java-extensions-protobuf-2.26.0.jar:/Users/dikgupta/.m2/repository/com/google/cloud/bigdataoss/util/2.1.6/util-2.1.6.jar:/Users/dikgupta/.m2/repository/com/google/api-client/google-api-client-java6/1.30.10/google-api-client-java6-1.30.10.jar:/Users/dikgupta/.m2/repository/com/google/api-client/google-api-client-jackson2/1.30.10/google-api-client-jackson2-1.30.10.jar:/Users/dikgupta/.m2/repository/com/google/apis/google-api-services-iamcredentials/v1-rev20201022-1.30.10/google-api-services-iamcredentials-v1-rev20201022-1.30.10.jar:/Users/dikgupta/.m2/repository/com/google/oauth-client/google-oauth-client-java6/1.31.2/google-oauth-client-java6-1.31.2.jar:/Users/dikgupta/.m2/repository/com/google/flogger/google-extensions/0.5.1/google-extensions-0.5.1.jar:/Users/dikgupta/.m2/repository/com/google/flogger/flogger-system-backend/0.5.1/flogger-system-backend-0.5.1.jar:/Users/dikgupta/.m2/repository/com/google/api/gax/1.60.0/gax-1.60.0.jar:/Users/dikgupta/.m2/repository/com/google/api/gax-grpc/1.60.0/gax-grpc-1.60.0.jar:/Users/dikgupta/.m2/repository/io/grpc/grpc-protobuf/1.32.2/grpc-protobuf-1.32.2.jar:/Users/dikgupta/.m2/repository/com/google/apis/google-api-services-healthcare/v1beta1-rev20200713-1.30.10/google-api-services-healthcare-v1beta1-rev20200713-1.30.10.jar:/Users/dikgupta/.m2/repository/com/google/auth/google-auth-library-credentials/0.21.1/google-auth-library-credentials-0.21.1.jar:/Users/dikgupta/.m2/repository/com/google/auth/google-auth-library-oauth2-http/0.21.1/google-auth-library-oauth2-http-0.21.1.jar:/Users/dikgupta/.m2/repository/com/google/cloud/google-cloud-bigquerystorage/1.5.5/google-cloud-bigquerystorage-1.5.5.jar:/Users/dikgupta/.m2/repository/io/grpc/grpc-api/1.32.2/grpc-api-1.32.2.jar:/Users/dikgupta/.m2/repository/org/codehaus/mojo/animal-sniffer-annotations/1.19/animal-sniffer-annotations-1.19.jar:/Users/dikgupta/.m2/repository/io/grpc/grpc-protobuf-lite/1.32.1/grpc-protobuf-lite-1.32.1.jar:/Users/dikgupta/.m2/repository/com/google/api/grpc/proto-google-cloud-bigquerystorage-v1alpha2/0.105.5/proto-google-cloud-bigquerystorage-v1alpha2-0.105.5.jar:/Users/dikgupta/.m2/repository/com/google/api/grpc/proto-google-cloud-bigquerystorage-v1beta2/0.105.5/proto-google-cloud-bigquerystorage-v1beta2-0.105.5.jar:/Users/dikgupta/.m2/repository/com/google/api/grpc/proto-google-cloud-bigquerystorage-v1/1.5.5/proto-google-cloud-bigquerystorage-v1-1.5.5.jar:/Users/dikgupta/.m2/repository/org/apache/commons/commons-lang3/3.5/commons-lang3-3.5.jar:/Users/dikgupta/.m2/repository/org/json/json/20200518/json-20200518.jar:/Users/dikgupta/.m2/repository/com/google/cloud/google-cloud-bigquery/1.122.2/google-cloud-bigquery-1.122.2.jar:/Users/dikgupta/.m2/repository/commons-codec/commons-codec/1.11/commons-codec-1.11.jar:/Users/dikgupta/.m2/repository/com/google/android/annotations/4.1.1.4/annotations-4.1.1.4.jar:/Users/dikgupta/.m2/repository/io/perfmark/perfmark-api/0.19.0/perfmark-api-0.19.0.jar:/Users/dikgupta/.m2/repository/com/google/api/grpc/grpc-google-cloud-bigquerystorage-v1beta1/0.105.5/grpc-google-cloud-bigquerystorage-v1beta1-0.105.5.jar:/Users/dikgupta/.m2/repository/com/google/api/grpc/grpc-google-cloud-bigquerystorage-v1beta2/0.105.5/grpc-google-cloud-bigquerystorage-v1beta2-0.105.5.jar:/Users/dikgupta/.m2/repository/com/google/api/grpc/grpc-google-cloud-bigquerystorage-v1/1.5.5/grpc-google-cloud-bigquerystorage-v1-1.5.5.jar:/Users/dikgupta/.m2/repository/com/google/cloud/bigtable/bigtable-client-core/1.16.0/bigtable-client-core-1.16.0.jar:/Users/dikgupta/.m2/repository/com/google/cloud/google-cloud-bigtable/1.16.1/google-cloud-bigtable-1.16.1.jar:/Users/dikgupta/.m2/repository/com/google/api/grpc/grpc-google-common-protos/1.18.1/grpc-google-common-protos-1.18.1.jar:/Users/dikgupta/.m2/repository/com/google/api/grpc/grpc-google-cloud-bigtable-v2/1.16.1/grpc-google-cloud-bigtable-v2-1.16.1.jar:/Users/dikgupta/.m2/repository/com/google/api/grpc/proto-google-cloud-bigtable-admin-v2/1.16.1/proto-google-cloud-bigtable-admin-v2-1.16.1.jar:/Users/dikgupta/.m2/repository/com/google/api/grpc/grpc-google-cloud-bigtable-admin-v2/1.16.1/grpc-google-cloud-bigtable-admin-v2-1.16.1.jar:/Users/dikgupta/.m2/repository/io/opencensus/opencensus-contrib-grpc-util/0.24.0/opencensus-contrib-grpc-util-0.24.0.jar:/Users/dikgupta/.m2/repository/io/dropwizard/metrics/metrics-core/3.2.6/metrics-core-3.2.6.jar:/Users/dikgupta/.m2/repository/com/google/cloud/google-cloud-core/1.93.9/google-cloud-core-1.93.9.jar:/Users/dikgupta/.m2/repository/com/google/cloud/google-cloud-core-grpc/1.93.9/google-cloud-core-grpc-1.93.9.jar:/Users/dikgupta/.m2/repository/com/google/cloud/datastore/datastore-v1-proto-client/1.6.3/datastore-v1-proto-client-1.6.3.jar:/Users/dikgupta/.m2/repository/com/google/http-client/google-http-client-protobuf/1.36.0/google-http-client-protobuf-1.36.0.jar:/Users/dikgupta/.m2/repository/com/google/cloud/google-cloud-pubsublite/0.4.1/google-cloud-pubsublite-0.4.1.jar:/Users/dikgupta/.m2/repository/com/google/cloud/google-cloud-pubsub/1.108.3/google-cloud-pubsub-1.108.3.jar:/Users/dikgupta/.m2/repository/com/google/cloud/google-cloud-resourcemanager/0.118.2-alpha/google-cloud-resourcemanager-0.118.2-alpha.jar:/Users/dikgupta/.m2/repository/com/google/flogger/flogger/0.5.1/flogger-0.5.1.jar:/Users/dikgupta/.m2/repository/com/google/cloud/google-cloud-spanner/2.0.2/google-cloud-spanner-2.0.2.jar:/Users/dikgupta/.m2/repository/com/google/api/grpc/proto-google-cloud-spanner-admin-instance-v1/2.0.2/proto-google-cloud-spanner-admin-instance-v1-2.0.2.jar:/Users/dikgupta/.m2/repository/com/google/api/grpc/proto-google-cloud-spanner-v1/2.0.2/proto-google-cloud-spanner-v1-2.0.2.jar:/Users/dikgupta/.m2/repository/com/google/api/grpc/grpc-google-cloud-spanner-admin-instance-v1/2.0.2/grpc-google-cloud-spanner-admin-instance-v1-2.0.2.jar:/Users/dikgupta/.m2/repository/com/google/api/grpc/grpc-google-cloud-spanner-v1/2.0.2/grpc-google-cloud-spanner-v1-2.0.2.jar:/Users/dikgupta/.m2/repository/com/google/api/grpc/grpc-google-cloud-spanner-admin-database-v1/2.0.2/grpc-google-cloud-spanner-admin-database-v1-2.0.2.jar:/Users/dikgupta/.m2/repository/com/google/http-client/google-http-client-jackson2/1.36.0/google-http-client-jackson2-1.36.0.jar:/Users/dikgupta/.m2/repository/io/grpc/grpc-alts/1.32.2/grpc-alts-1.32.2.jar:/Users/dikgupta/.m2/repository/io/grpc/grpc-auth/1.32.2/grpc-auth-1.32.2.jar:/Users/dikgupta/.m2/repository/io/grpc/grpc-core/1.32.2/grpc-core-1.32.2.jar:/Users/dikgupta/.m2/repository/io/grpc/grpc-context/1.32.2/grpc-context-1.32.2.jar:/Users/dikgupta/.m2/repository/io/grpc/grpc-grpclb/1.32.2/grpc-grpclb-1.32.2.jar:/Users/dikgupta/.m2/repository/io/grpc/grpc-netty/1.32.2/grpc-netty-1.32.2.jar:/Users/dikgupta/.m2/repository/io/netty/netty-codec-http2/4.1.51.Final/netty-codec-http2-4.1.51.Final.jar:/Users/dikgupta/.m2/repository/io/netty/netty-codec-http/4.1.51.Final/netty-codec-http-4.1.51.Final.jar:/Users/dikgupta/.m2/repository/io/netty/netty-handler-proxy/4.1.51.Final/netty-handler-proxy-4.1.51.Final.jar:/Users/dikgupta/.m2/repository/io/netty/netty-codec-socks/4.1.51.Final/netty-codec-socks-4.1.51.Final.jar:/Users/dikgupta/.m2/repository/io/grpc/grpc-netty-shaded/1.32.2/grpc-netty-shaded-1.32.2.jar:/Users/dikgupta/.m2/repository/io/grpc/grpc-stub/1.32.2/grpc-stub-1.32.2.jar:/Users/dikgupta/.m2/repository/com/google/api/grpc/grpc-google-cloud-pubsub-v1/1.90.3/grpc-google-cloud-pubsub-v1-1.90.3.jar:/Users/dikgupta/.m2/repository/com/google/api/grpc/grpc-google-cloud-pubsublite-v1/0.4.1/grpc-google-cloud-pubsublite-v1-0.4.1.jar:/Users/dikgupta/.m2/repository/com/google/guava/guava/25.1-jre/guava-25.1-jre.jar:/Users/dikgupta/.m2/repository/io/netty/netty-handler/4.1.51.Final/netty-handler-4.1.51.Final.jar:/Users/dikgupta/.m2/repository/io/netty/netty-common/4.1.51.Final/netty-common-4.1.51.Final.jar:/Users/dikgupta/.m2/repository/io/netty/netty-resolver/4.1.51.Final/netty-resolver-4.1.51.Final.jar:/Users/dikgupta/.m2/repository/io/netty/netty-buffer/4.1.51.Final/netty-buffer-4.1.51.Final.jar:/Users/dikgupta/.m2/repository/io/netty/netty-transport/4.1.51.Final/netty-transport-4.1.51.Final.jar:/Users/dikgupta/.m2/repository/io/netty/netty-codec/4.1.51.Final/netty-codec-4.1.51.Final.jar:/Users/dikgupta/.m2/repository/io/netty/netty-tcnative-boringssl-static/2.0.33.Final/netty-tcnative-boringssl-static-2.0.33.Final.jar:/Users/dikgupta/.m2/repository/com/google/api/grpc/proto-google-cloud-bigquerystorage-v1beta1/0.105.5/proto-google-cloud-bigquerystorage-v1beta1-0.105.5.jar:/Users/dikgupta/.m2/repository/com/google/api/grpc/proto-google-cloud-bigtable-v2/1.16.1/proto-google-cloud-bigtable-v2-1.16.1.jar:/Users/dikgupta/.m2/repository/com/google/api/grpc/proto-google-cloud-datastore-v1/0.88.0/proto-google-cloud-datastore-v1-0.88.0.jar:/Users/dikgupta/.m2/repository/com/google/api/grpc/proto-google-cloud-pubsub-v1/1.90.3/proto-google-cloud-pubsub-v1-1.90.3.jar:/Users/dikgupta/.m2/repository/com/google/api/grpc/proto-google-cloud-pubsublite-v1/0.4.1/proto-google-cloud-pubsublite-v1-0.4.1.jar:/Users/dikgupta/.m2/repository/com/google/api/grpc/proto-google-cloud-spanner-admin-database-v1/2.0.2/proto-google-cloud-spanner-admin-database-v1-2.0.2.jar:/Users/dikgupta/.m2/repository/com/google/api/grpc/proto-google-common-protos/1.18.1/proto-google-common-protos-1.18.1.jar:/Users/dikgupta/.m2/repository/com/google/protobuf/protobuf-java/3.13.0/protobuf-java-3.13.0.jar:/Users/dikgupta/.m2/repository/com/google/cloud/google-cloud-storage/1.111.2/google-cloud-storage-1.111.2.jar:/Users/dikgupta/.m2/repository/com/google/guava/failureaccess/1.0.1/failureaccess-1.0.1.jar:/Users/dikgupta/.m2/repository/com/google/guava/listenablefuture/9999.0-empty-to-avoid-conflict-with-guava/listenablefuture-9999.0-empty-to-avoid-conflict-with-guava.jar:/Users/dikgupta/.m2/repository/org/checkerframework/checker-compat-qual/2.5.5/checker-compat-qual-2.5.5.jar:/Users/dikgupta/.m2/repository/com/google/errorprone/error_prone_annotations/2.3.4/error_prone_annotations-2.3.4.jar:/Users/dikgupta/.m2/repository/com/google/j2objc/j2objc-annotations/1.3/j2objc-annotations-1.3.jar:/Users/dikgupta/.m2/repository/io/opencensus/opencensus-contrib-http-util/0.24.0/opencensus-contrib-http-util-0.24.0.jar:/Users/dikgupta/.m2/repository/com/google/oauth-client/google-oauth-client/1.30.5/google-oauth-client-1.30.5.jar:/Users/dikgupta/.m2/repository/com/google/apis/google-api-services-storage/v1-rev20200611-1.30.9/google-api-services-storage-v1-rev20200611-1.30.9.jar:/Users/dikgupta/.m2/repository/com/google/code/gson/gson/2.8.6/gson-2.8.6.jar:/Users/dikgupta/.m2/repository/com/google/auto/value/auto-value-annotations/1.7.2/auto-value-annotations-1.7.2.jar:/Users/dikgupta/.m2/repository/com/google/cloud/google-cloud-core-http/1.93.9/google-cloud-core-http-1.93.9.jar:/Users/dikgupta/.m2/repository/com/google/http-client/google-http-client-appengine/1.36.0/google-http-client-appengine-1.36.0.jar:/Users/dikgupta/.m2/repository/com/google/api/gax-httpjson/0.77.0/gax-httpjson-0.77.0.jar:/Users/dikgupta/.m2/repository/com/google/api/api-common/1.10.0/api-common-1.10.0.jar:/Users/dikgupta/.m2/repository/javax/annotation/javax.annotation-api/1.3.2/javax.annotation-api-1.3.2.jar:/Users/dikgupta/.m2/repository/io/opencensus/opencensus-api/0.24.0/opencensus-api-0.24.0.jar:/Users/dikgupta/.m2/repository/com/google/api/grpc/proto-google-iam-v1/1.0.1/proto-google-iam-v1-1.0.1.jar:/Users/dikgupta/.m2/repository/com/google/protobuf/protobuf-java-util/3.13.0/protobuf-java-util-3.13.0.jar:/Users/dikgupta/.m2/repository/org/threeten/threetenbp/1.4.4/threetenbp-1.4.4.jar:/Users/dikgupta/.m2/repository/com/google/cloud/google-cloud-nio/0.121.0/google-cloud-nio-0.121.0.jar:/Users/dikgupta/.m2/repository/javax/inject/javax.inject/1/javax.inject-1.jar:/Users/dikgupta/.m2/repository/org/mockito/mockito-all/1.10.19/mockito-all-1.10.19.jar:/Users/dikgupta/.m2/repository/com/fasterxml/jackson/core/jackson-core/2.12.0/jackson-core-2.12.0.jar:/Users/dikgupta/.m2/repository/com/google/api-client/google-api-client/1.30.10/google-api-client-1.30.10.jar:/Users/dikgupta/.m2/repository/com/google/apis/google-api-services-bigquery/v2-rev20200719-1.30.10/google-api-services-bigquery-v2-rev20200719-1.30.10.jar:/Users/dikgupta/.m2/repository/com/google/http-client/google-http-client/1.36.0/google-http-client-1.36.0.jar:/Users/dikgupta/.m2/repository/org/apache/httpcomponents/httpclient/4.5.12/httpclient-4.5.12.jar:/Users/dikgupta/.m2/repository/org/apache/httpcomponents/httpcore/4.4.13/httpcore-4.4.13.jar:/Users/dikgupta/.m2/repository/com/google/apis/google-api-services-pubsub/v1-rev20200713-1.30.10/google-api-services-pubsub-v1-rev20200713-1.30.10.jar:/Users/dikgupta/.m2/repository/joda-time/joda-time/2.10.5/joda-time-2.10.5.jar:/Users/dikgupta/.m2/repository/org/slf4j/slf4j-api/1.7.30/slf4j-api-1.7.30.jar:/Users/dikgupta/.m2/repository/org/slf4j/slf4j-jdk14/1.7.30/slf4j-jdk14-1.7.30.jar:/Users/dikgupta/.m2/repository/org/hamcrest/hamcrest-core/2.1/hamcrest-core-2.1.jar:/Users/dikgupta/.m2/repository/org/hamcrest/hamcrest/2.1/hamcrest-2.1.jar:/Users/dikgupta/.m2/repository/org/hamcrest/hamcrest-library/2.1/hamcrest-library-2.1.jar:/Users/dikgupta/.m2/repository/junit/junit/4.12/junit-4.12.jar:/Users/dikgupta/.m2/repository/org/apache/beam/beam-runners-direct-java/2.26.0/beam-runners-direct-java-2.26.0.jar:/Users/dikgupta/.m2/repository/args4j/args4j/2.33/args4j-2.33.jar:/Users/dikgupta/.m2/repository/org/apache/beam/beam-runners-portability-java/2.26.0/beam-runners-portability-java-2.26.0.jar:/Users/dikgupta/.m2/repository/org/apache/beam/beam-runners-java-fn-execution/2.26.0/beam-runners-java-fn-execution-2.26.0.jar:/Users/dikgupta/.m2/repository/org/apache/beam/beam-sdks-java-fn-execution/2.26.0/beam-sdks-java-fn-execution-2.26.0.jar:/Users/dikgupta/.m2/repository/org/apache/beam/beam-vendor-sdks-java-extensions-protobuf/2.26.0/beam-vendor-sdks-java-extensions-protobuf-2.26.0.jar:/Users/dikgupta/.m2/repository/org/apache/beam/beam-runners-java-job-service/2.26.0/beam-runners-java-job-service-2.26.0.jar:/Users/dikgupta/.m2/repository/org/apache/beam/beam-sdks-java-harness/2.26.0/beam-sdks-java-harness-2.26.0.jar:"/>
    <property name="sun.cpu.endian" value="little"/>
    <property name="user.home" value="/Users/dikgupta"/>
    <property name="user.language" value="en"/>
    <property name="java.specification.vendor" value="Oracle Corporation"/>
    <property name="java.version.date" value="2020-10-20"/>
    <property name="java.home" value="/usr/local/Cellar/openjdk/15.0.1/libexec/openjdk.jdk/Contents/Home"/>
    <property name="file.separator" value="/"/>
    <property name="basedir" value="/Users/dikgupta/Desktop/Lloyds/WordCount example/word-count-beam"/>
    <property name="java.vm.compressedOopsMode" value="Zero based"/>
    <property name="line.separator" value="&#10;"/>
    <property name="java.specification.name" value="Java Platform API Specification"/>
    <property name="java.vm.specification.vendor" value="Oracle Corporation"/>
    <property name="surefire.real.class.path" value="/Users/dikgupta/Desktop/Lloyds/WordCount example/word-count-beam/target/surefire/surefirebooter10102948379669455140.jar"/>
    <property name="sun.management.compiler" value="HotSpot 64-Bit Tiered Compilers"/>
    <property name="ftp.nonProxyHosts" value="local|*.local|169.254/16|*.169.254/16"/>
    <property name="java.runtime.version" value="15.0.1+9"/>
    <property name="user.name" value="dikgupta"/>
    <property name="path.separator" value=":"/>
    <property name="os.version" value="10.15.7"/>
    <property name="java.runtime.name" value="OpenJDK Runtime Environment"/>
    <property name="file.encoding" value="UTF-8"/>
    <property name="java.vm.name" value="OpenJDK 64-Bit Server VM"/>
    <property name="localRepository" value="/Users/dikgupta/.m2/repository"/>
    <property name="java.vendor.url.bug" value="https://bugreport.java.com/bugreport/"/>
    <property name="java.io.tmpdir" value="/var/folders/5j/f_0q0t397gs7r_h9yfpc01hr0000gn/T/"/>
    <property name="java.version" value="15.0.1"/>
    <property name="user.dir" value="/Users/dikgupta/Desktop/Lloyds/WordCount example/word-count-beam"/>
    <property name="os.arch" value="x86_64"/>
    <property name="java.vm.specification.name" value="Java Virtual Machine Specification"/>
    <property name="java.library.path" value="/Users/dikgupta/Library/Java/Extensions:/Library/Java/Extensions:/Network/Library/Java/Extensions:/System/Library/Java/Extensions:/usr/lib/java:."/>
    <property name="java.vm.info" value="mixed mode, sharing"/>
    <property name="java.vendor" value="N/A"/>
    <property name="java.vm.version" value="15.0.1+9"/>
    <property name="sun.io.unicode.encoding" value="UnicodeBig"/>
    <property name="socksNonProxyHosts" value="local|*.local|169.254/16|*.169.254/16"/>
    <property name="java.class.version" value="59.0"/>
  </properties>
  <testcase name="testInitialize" classname="org.apache.beam.examples.subprocess.utils.CalActivityCodeUtilsTest" time="0.131">
    <system-out><![CDATA[IN READ Initialize function
initialized value 10 mocked method is column1,column2,column3
CUS-TAX-INFO-EVENT,column2,1
CUS-STATUS-EVENT,column2,1
CUS-BASIC-EVENT,column2,1
CUS-ADDRESS-EVENT,column2,1
CONTACT-DETAIL-EVENT,column2,1
CUS-PREF-EVENT-EVENT,column2,1
CONTACT-DETAIL-EVENT,column2,1
CUS-PREF-EVENT,column2,1
CUSTOMER-SEARCH,column2,1
ACCOUNT-UPDATE,column2,1
ACCOUNT-CREATE,column2,1

IN READ Initialize function
]]></system-out>
    <system-err><![CDATA[Jan 19, 2021 6:10:09 PM org.apache.beam.examples.subprocess.utils.CalActivityCodeUtils populateCache
INFO: Length of file in populate cache 12
Jan 19, 2021 6:10:09 PM org.apache.beam.examples.subprocess.utils.CalActivityCodeUtils populateCache
INFO: Length of file in populate cache 12
]]></system-err>
  </testcase>
</testsuite>